\BOOKMARK [0][-]{chapter.1}{\332vod}{}% 1
\BOOKMARK [0][-]{chapter.2}{Motiv\341cia}{}% 2
\BOOKMARK [0][-]{chapter.3}{V\375chodisk\341}{}% 3
\BOOKMARK [1][-]{section.3.1}{UNITY}{chapter.3}% 4
\BOOKMARK [1][-]{section.3.2}{Vlastnosti UNITY}{chapter.3}% 5
\BOOKMARK [2][-]{subsection.3.2.1}{Nedeterminizmus}{section.3.2}% 6
\BOOKMARK [2][-]{subsection.3.2.2}{Absencia riadenia toku \(control-flow\)}{section.3.2}% 7
\BOOKMARK [2][-]{subsection.3.2.3}{Synchr\363nnost a asynchr\363nnost}{section.3.2}% 8
\BOOKMARK [2][-]{subsection.3.2.4}{Stavy a priradenia}{section.3.2}% 9
\BOOKMARK [1][-]{section.3.3}{Telo programu}{chapter.3}% 10
\BOOKMARK [2][-]{subsection.3.3.1}{Declare-section}{section.3.3}% 11
\BOOKMARK [2][-]{subsection.3.3.2}{Always-section}{section.3.3}% 12
\BOOKMARK [2][-]{subsection.3.3.3}{Initially-section}{section.3.3}% 13
\BOOKMARK [2][-]{subsection.3.3.4}{Assign-section}{section.3.3}% 14
\BOOKMARK [2][-]{subsection.3.3.5}{Vykonanie programu UNITY}{section.3.3}% 15
\BOOKMARK [1][-]{section.3.4}{Interpreter}{chapter.3}% 16
\BOOKMARK [2][-]{subsection.3.4.1}{\227trukt\372ra interpretra}{section.3.4}% 17
\BOOKMARK [2][-]{subsection.3.4.2}{Lexik\341lna anal\375za, syntaktick\341 anal\375za a s\351mantick\341 anal\375za}{section.3.4}% 18
\BOOKMARK [2][-]{subsection.3.4.3}{Syntaktick\375 strom}{section.3.4}% 19
\BOOKMARK [2][-]{subsection.3.4.4}{Model checking}{section.3.4}% 20
\BOOKMARK [2][-]{subsection.3.4.5}{LTSmin}{section.3.4}% 21
\BOOKMARK [0][-]{chapter.4}{Implement\341cia}{}% 22
\BOOKMARK [0][-]{chapter.5}{Interpreter UNITY}{}% 23
\BOOKMARK [0][-]{chapter.6}{Z\341ver}{}% 24
